# JRE version: OpenJDK Runtime Environment Temurin-21.0.8+9 (21.0.8+9) (build 21.0.8+9-LTS)
# Java VM: OpenJDK 64-Bit Server VM Temurin-21.0.8+9 (21.0.8+9-LTS, mixed mode, sharing, tiered, compressed oops, compressed class ptrs, parallel gc, windows-amd64)
GC Precious Log:
 CardTable entry size: 512
 CPUs: 12 total, 12 available
 Memory: 16087M
 Large Page Support: Disabled
 NUMA Support: Disabled
 Compressed Oops: Enabled (32-bit)
 Alignments: Space 512K, Generation 512K, Heap 2M
 Heap Min Capacity: 100M
 Heap Initial Capacity: 100M
 Heap Max Capacity: 2G
 Pre-touch: Disabled
 Parallel Workers: 10
Heap:
 PSYoungGen      total 6144K, used 6066K [0x00000000d5580000, 0x00000000d6480000, 0x0000000100000000)
  eden space 3072K, 97% used [0x00000000d5580000,0x00000000d586ef08,0x00000000d5880000)
  from space 3072K, 99% used [0x00000000d5980000,0x00000000d5c7da20,0x00000000d5c80000)
  to   space 6144K, 0% used [0x00000000d5e80000,0x00000000d5e80000,0x00000000d6480000)
 ParOldGen       total 416768K, used 301458K [0x0000000080000000, 0x0000000099700000, 0x00000000d5580000)
  object space 416768K, 72% used [0x0000000080000000,0x0000000092664ad8,0x0000000099700000)
 Metaspace       used 62652K, committed 64064K, reserved 1114112K
  class space    used 6691K, committed 7296K, reserved 1048576K
GC Heap History (20 events):
Event: 27.422 GC heap after
{Heap after GC invocations=368 (full 3):
 PSYoungGen      total 5632K, used 1824K [0x00000000d5580000, 0x00000000d5d80000, 0x0000000100000000)
  eden space 3072K, 0% used [0x00000000d5580000,0x00000000d5580000,0x00000000d5880000)
  from space 2560K, 71% used [0x00000000d5880000,0x00000000d5a48000,0x00000000d5b00000)
  to   space 2048K, 0% used [0x00000000d5b80000,0x00000000d5b80000,0x00000000d5d80000)
 ParOldGen       total 416768K, used 292618K [0x0000000080000000, 0x0000000099700000, 0x00000000d5580000)
  object space 416768K, 70% used [0x0000000080000000,0x0000000091dc2a18,0x0000000099700000)
 Metaspace       used 60757K, committed 62144K, reserved 1114112K
  class space    used 6512K, committed 7104K, reserved 1048576K
}
Event: 30.796 GC heap before
{Heap before GC invocations=369 (full 3):
 PSYoungGen      total 5632K, used 4896K [0x00000000d5580000, 0x00000000d5d80000, 0x0000000100000000)
  eden space 3072K, 100% used [0x00000000d5580000,0x00000000d5880000,0x00000000d5880000)
  from space 2560K, 71% used [0x00000000d5880000,0x00000000d5a48000,0x00000000d5b00000)
  to   space 2048K, 0% used [0x00000000d5b80000,0x00000000d5b80000,0x00000000d5d80000)
 ParOldGen       total 416768K, used 292618K [0x0000000080000000, 0x0000000099700000, 0x00000000d5580000)
  object space 416768K, 70% used [0x0000000080000000,0x0000000091dc2a18,0x0000000099700000)
 Metaspace       used 61020K, committed 62400K, reserved 1114112K
  class space    used 6529K, committed 7104K, reserved 1048576K
}
Event: 30.798 GC heap after
{Heap after GC invocations=369 (full 3):
 PSYoungGen      total 4096K, used 688K [0x00000000d5580000, 0x00000000d5c80000, 0x0000000100000000)
  eden space 3072K, 0% used [0x00000000d5580000,0x00000000d5580000,0x00000000d5880000)
  from space 1024K, 67% used [0x00000000d5b80000,0x00000000d5c2c030,0x00000000d5c80000)
  to   space 1536K, 0% used [0x00000000d5980000,0x00000000d5980000,0x00000000d5b00000)
 ParOldGen       total 416768K, used 294298K [0x0000000080000000, 0x0000000099700000, 0x00000000d5580000)
  object space 416768K, 70% used [0x0000000080000000,0x0000000091f66a18,0x0000000099700000)
 Metaspace       used 61020K, committed 62400K, reserved 1114112K
  class space    used 6529K, committed 7104K, reserved 1048576K
}
Event: 35.319 GC heap before
{Heap before GC invocations=370 (full 3):
 PSYoungGen      total 4096K, used 3760K [0x00000000d5580000, 0x00000000d5c80000, 0x0000000100000000)
  eden space 3072K, 100% used [0x00000000d5580000,0x00000000d5880000,0x00000000d5880000)
  from space 1024K, 67% used [0x00000000d5b80000,0x00000000d5c2c030,0x00000000d5c80000)
  to   space 1536K, 0% used [0x00000000d5980000,0x00000000d5980000,0x00000000d5b00000)
 ParOldGen       total 416768K, used 294298K [0x0000000080000000, 0x0000000099700000, 0x00000000d5580000)
  object space 416768K, 70% used [0x0000000080000000,0x0000000091f66a18,0x0000000099700000)
 Metaspace       used 61307K, committed 62720K, reserved 1114112K
  class space    used 6554K, committed 7104K, reserved 1048576K
}
Event: 35.322 GC heap after
{Heap after GC invocations=370 (full 3):
 PSYoungGen      total 4608K, used 608K [0x00000000d5580000, 0x00000000d5c00000, 0x0000000100000000)
  eden space 3072K, 0% used [0x00000000d5580000,0x00000000d5580000,0x00000000d5880000)
  from space 1536K, 39% used [0x00000000d5980000,0x00000000d5a18000,0x00000000d5b00000)
  to   space 1024K, 0% used [0x00000000d5b00000,0x00000000d5b00000,0x00000000d5c00000)
 ParOldGen       total 416768K, used 294522K [0x0000000080000000, 0x0000000099700000, 0x00000000d5580000)
  object space 416768K, 70% used [0x0000000080000000,0x0000000091f9ea18,0x0000000099700000)
 Metaspace       used 61307K, committed 62720K, reserved 1114112K
  class space    used 6554K, committed 7104K, reserved 1048576K
}
Event: 35.447 GC heap before
{Heap before GC invocations=371 (full 3):
 PSYoungGen      total 4608K, used 3674K [0x00000000d5580000, 0x00000000d5c00000, 0x0000000100000000)
  eden space 3072K, 99% used [0x00000000d5580000,0x00000000d587ea60,0x00000000d5880000)
  from space 1536K, 39% used [0x00000000d5980000,0x00000000d5a18000,0x00000000d5b00000)
  to   space 1024K, 0% used [0x00000000d5b00000,0x00000000d5b00000,0x00000000d5c00000)
 ParOldGen       total 416768K, used 294522K [0x0000000080000000, 0x0000000099700000, 0x00000000d5580000)
  object space 416768K, 70% used [0x0000000080000000,0x0000000091f9ea18,0x0000000099700000)
 Metaspace       used 61414K, committed 62848K, reserved 1114112K
  class space    used 6562K, committed 7168K, reserved 1048576K
}
Event: 35.448 GC heap after
{Heap after GC invocations=371 (full 3):
 PSYoungGen      total 3584K, used 288K [0x00000000d5580000, 0x00000000d5b80000, 0x0000000100000000)
  eden space 3072K, 0% used [0x00000000d5580000,0x00000000d5580000,0x00000000d5880000)
  from space 512K, 56% used [0x00000000d5b00000,0x00000000d5b48000,0x00000000d5b80000)
  to   space 512K, 0% used [0x00000000d5a80000,0x00000000d5a80000,0x00000000d5b00000)
 ParOldGen       total 416768K, used 294947K [0x0000000080000000, 0x0000000099700000, 0x00000000d5580000)
  object space 416768K, 70% used [0x0000000080000000,0x0000000092008f50,0x0000000099700000)
 Metaspace       used 61414K, committed 62848K, reserved 1114112K
  class space    used 6562K, committed 7168K, reserved 1048576K
}
Event: 35.506 GC heap before
{Heap before GC invocations=372 (full 3):
 PSYoungGen      total 3584K, used 3360K [0x00000000d5580000, 0x00000000d5b80000, 0x0000000100000000)
  eden space 3072K, 100% used [0x00000000d5580000,0x00000000d5880000,0x00000000d5880000)
  from space 512K, 56% used [0x00000000d5b00000,0x00000000d5b48000,0x00000000d5b80000)
  to   space 512K, 0% used [0x00000000d5a80000,0x00000000d5a80000,0x00000000d5b00000)
 ParOldGen       total 416768K, used 294947K [0x0000000080000000, 0x0000000099700000, 0x00000000d5580000)
  object space 416768K, 70% used [0x0000000080000000,0x0000000092008f50,0x0000000099700000)
 Metaspace       used 61747K, committed 63104K, reserved 1114112K
  class space    used 6594K, committed 7168K, reserved 1048576K
}
Event: 35.507 GC heap after
{Heap after GC invocations=372 (full 3):
 PSYoungGen      total 3584K, used 496K [0x00000000d5580000, 0x00000000d5b80000, 0x0000000100000000)
  eden space 3072K, 0% used [0x00000000d5580000,0x00000000d5580000,0x00000000d5880000)
  from space 512K, 96% used [0x00000000d5a80000,0x00000000d5afc1e0,0x00000000d5b00000)
  to   space 512K, 0% used [0x00000000d5b00000,0x00000000d5b00000,0x00000000d5b80000)
 ParOldGen       total 416768K, used 295011K [0x0000000080000000, 0x0000000099700000, 0x00000000d5580000)
  object space 416768K, 70% used [0x0000000080000000,0x0000000092018f50,0x0000000099700000)
 Metaspace       used 61747K, committed 63104K, reserved 1114112K
  class space    used 6594K, committed 7168K, reserved 1048576K
}
Event: 35.690 GC heap before
{Heap before GC invocations=373 (full 3):
 PSYoungGen      total 3584K, used 3568K [0x00000000d5580000, 0x00000000d5b80000, 0x0000000100000000)
  eden space 3072K, 100% used [0x00000000d5580000,0x00000000d5880000,0x00000000d5880000)
  from space 512K, 96% used [0x00000000d5a80000,0x00000000d5afc1e0,0x00000000d5b00000)
  to   space 512K, 0% used [0x00000000d5b00000,0x00000000d5b00000,0x00000000d5b80000)
 ParOldGen       total 416768K, used 295011K [0x0000000080000000, 0x0000000099700000, 0x00000000d5580000)
  object space 416768K, 70% used [0x0000000080000000,0x0000000092018f50,0x0000000099700000)
 Metaspace       used 62021K, committed 63360K, reserved 1114112K
  class space    used 6613K, committed 7168K, reserved 1048576K
}
Event: 35.691 GC heap after
{Heap after GC invocations=373 (full 3):
 PSYoungGen      total 3584K, used 272K [0x00000000d5580000, 0x00000000d5b80000, 0x0000000100000000)
  eden space 3072K, 0% used [0x00000000d5580000,0x00000000d5580000,0x00000000d5880000)
  from space 512K, 53% used [0x00000000d5b00000,0x00000000d5b44010,0x00000000d5b80000)
  to   space 512K, 0% used [0x00000000d5a80000,0x00000000d5a80000,0x00000000d5b00000)
 ParOldGen       total 416768K, used 295275K [0x0000000080000000, 0x0000000099700000, 0x00000000d5580000)
  object space 416768K, 70% used [0x0000000080000000,0x000000009205af70,0x0000000099700000)
 Metaspace       used 62021K, committed 63360K, reserved 1114112K
  class space    used 6613K, committed 7168K, reserved 1048576K
}
Event: 69.416 GC heap before
{Heap before GC invocations=374 (full 3):
 PSYoungGen      total 3584K, used 3344K [0x00000000d5580000, 0x00000000d5b80000, 0x0000000100000000)
  eden space 3072K, 100% used [0x00000000d5580000,0x00000000d5880000,0x00000000d5880000)
  from space 512K, 53% used [0x00000000d5b00000,0x00000000d5b44010,0x00000000d5b80000)
  to   space 512K, 0% used [0x00000000d5a80000,0x00000000d5a80000,0x00000000d5b00000)
 ParOldGen       total 416768K, used 295275K [0x0000000080000000, 0x0000000099700000, 0x00000000d5580000)
  object space 416768K, 70% used [0x0000000080000000,0x000000009205af70,0x0000000099700000)
 Metaspace       used 62372K, committed 63808K, reserved 1114112K
  class space    used 6656K, committed 7296K, reserved 1048576K
}
Event: 69.417 GC heap after
{Heap after GC invocations=374 (full 3):
 PSYoungGen      total 3584K, used 320K [0x00000000d5580000, 0x00000000d5b80000, 0x0000000100000000)
  eden space 3072K, 0% used [0x00000000d5580000,0x00000000d5580000,0x00000000d5880000)
  from space 512K, 62% used [0x00000000d5a80000,0x00000000d5ad0000,0x00000000d5b00000)
  to   space 512K, 0% used [0x00000000d5b00000,0x00000000d5b00000,0x00000000d5b80000)
 ParOldGen       total 416768K, used 295371K [0x0000000080000000, 0x0000000099700000, 0x00000000d5580000)
  object space 416768K, 70% used [0x0000000080000000,0x0000000092072f70,0x0000000099700000)
 Metaspace       used 62372K, committed 63808K, reserved 1114112K
  class space    used 6656K, committed 7296K, reserved 1048576K
}
Event: 70.516 GC heap before
{Heap before GC invocations=375 (full 3):
 PSYoungGen      total 3584K, used 3182K [0x00000000d5580000, 0x00000000d5b80000, 0x0000000100000000)
  eden space 3072K, 93% used [0x00000000d5580000,0x00000000d584bba8,0x00000000d5880000)
  from space 512K, 62% used [0x00000000d5a80000,0x00000000d5ad0000,0x00000000d5b00000)
  to   space 512K, 0% used [0x00000000d5b00000,0x00000000d5b00000,0x00000000d5b80000)
 ParOldGen       total 416768K, used 295371K [0x0000000080000000, 0x0000000099700000, 0x00000000d5580000)
  object space 416768K, 70% used [0x0000000080000000,0x0000000092072f70,0x0000000099700000)
 Metaspace       used 62637K, committed 64000K, reserved 1114112K
  class space    used 6691K, committed 7296K, reserved 1048576K
}
Event: 70.517 GC heap after
{Heap after GC invocations=375 (full 3):
 PSYoungGen      total 3584K, used 288K [0x00000000d5580000, 0x00000000d5b80000, 0x0000000100000000)
  eden space 3072K, 0% used [0x00000000d5580000,0x00000000d5580000,0x00000000d5880000)
  from space 512K, 56% used [0x00000000d5b00000,0x00000000d5b48000,0x00000000d5b80000)
  to   space 512K, 0% used [0x00000000d5a80000,0x00000000d5a80000,0x00000000d5b00000)
 ParOldGen       total 416768K, used 295459K [0x0000000080000000, 0x0000000099700000, 0x00000000d5580000)
  object space 416768K, 70% used [0x0000000080000000,0x0000000092088f70,0x0000000099700000)
 Metaspace       used 62637K, committed 64000K, reserved 1114112K
  class space    used 6691K, committed 7296K, reserved 1048576K
}
Event: 70.521 GC heap before
{Heap before GC invocations=376 (full 3):
 PSYoungGen      total 3584K, used 3360K [0x00000000d5580000, 0x00000000d5b80000, 0x0000000100000000)
  eden space 3072K, 100% used [0x00000000d5580000,0x00000000d5880000,0x00000000d5880000)
  from space 512K, 56% used [0x00000000d5b00000,0x00000000d5b48000,0x00000000d5b80000)
  to   space 512K, 0% used [0x00000000d5a80000,0x00000000d5a80000,0x00000000d5b00000)
 ParOldGen       total 416768K, used 295459K [0x0000000080000000, 0x0000000099700000, 0x00000000d5580000)
  object space 416768K, 70% used [0x0000000080000000,0x0000000092088f70,0x0000000099700000)
 Metaspace       used 62637K, committed 64000K, reserved 1114112K
  class space    used 6691K, committed 7296K, reserved 1048576K
}
Event: 70.522 GC heap after
{Heap after GC invocations=376 (full 3):
 PSYoungGen      total 3584K, used 500K [0x00000000d5580000, 0x00000000d6080000, 0x0000000100000000)
  eden space 3072K, 0% used [0x00000000d5580000,0x00000000d5580000,0x00000000d5880000)
  from space 512K, 97% used [0x00000000d5a80000,0x00000000d5afd3c8,0x00000000d5b00000)
  to   space 4096K, 0% used [0x00000000d5c80000,0x00000000d5c80000,0x00000000d6080000)
 ParOldGen       total 416768K, used 298136K [0x0000000080000000, 0x0000000099700000, 0x00000000d5580000)
  object space 416768K, 71% used [0x0000000080000000,0x0000000092326348,0x0000000099700000)
 Metaspace       used 62637K, committed 64000K, reserved 1114112K
  class space    used 6691K, committed 7296K, reserved 1048576K
}
Event: 70.531 GC heap before
{Heap before GC invocations=377 (full 3):
 PSYoungGen      total 3584K, used 3572K [0x00000000d5580000, 0x00000000d6080000, 0x0000000100000000)
  eden space 3072K, 99% used [0x00000000d5580000,0x00000000d587fff8,0x00000000d5880000)
  from space 512K, 97% used [0x00000000d5a80000,0x00000000d5afd3c8,0x00000000d5b00000)
  to   space 4096K, 0% used [0x00000000d5c80000,0x00000000d5c80000,0x00000000d6080000)
 ParOldGen       total 416768K, used 298136K [0x0000000080000000, 0x0000000099700000, 0x00000000d5580000)
  object space 416768K, 71% used [0x0000000080000000,0x0000000092326348,0x0000000099700000)
 Metaspace       used 62637K, committed 64000K, reserved 1114112K
  class space    used 6691K, committed 7296K, reserved 1048576K
}
Event: 70.533 GC heap after
{Heap after GC invocations=377 (full 3):
 PSYoungGen      total 6144K, used 2904K [0x00000000d5580000, 0x00000000d5f80000, 0x0000000100000000)
  eden space 3072K, 0% used [0x00000000d5580000,0x00000000d5580000,0x00000000d5880000)
  from space 3072K, 94% used [0x00000000d5c80000,0x00000000d5f56000,0x00000000d5f80000)
  to   space 3072K, 0% used [0x00000000d5980000,0x00000000d5980000,0x00000000d5c80000)
 ParOldGen       total 416768K, used 298890K [0x0000000080000000, 0x0000000099700000, 0x00000000d5580000)
  object space 416768K, 71% used [0x0000000080000000,0x00000000923e2ad8,0x0000000099700000)
 Metaspace       used 62637K, committed 64000K, reserved 1114112K
  class space    used 6691K, committed 7296K, reserved 1048576K
}
Event: 70.555 GC heap before
{Heap before GC invocations=378 (full 3):
 PSYoungGen      total 6144K, used 5976K [0x00000000d5580000, 0x00000000d5f80000, 0x0000000100000000)
  eden space 3072K, 100% used [0x00000000d5580000,0x00000000d5880000,0x00000000d5880000)
  from space 3072K, 94% used [0x00000000d5c80000,0x00000000d5f56000,0x00000000d5f80000)
  to   space 3072K, 0% used [0x00000000d5980000,0x00000000d5980000,0x00000000d5c80000)
 ParOldGen       total 416768K, used 298890K [0x0000000080000000, 0x0000000099700000, 0x00000000d5580000)
  object space 416768K, 71% used [0x0000000080000000,0x00000000923e2ad8,0x0000000099700000)
 Metaspace       used 62638K, committed 64000K, reserved 1114112K
  class space    used 6691K, committed 7296K, reserved 1048576K
}

